<?xml version="1.0" encoding="UTF-8"?>
<!-- Generated by org.testng.reporters.JUnitXMLReporter -->
<testsuite ignored="0" hostname="ACW-Lap-031" failures="0" tests="3" name="Default test" time="12.053" errors="0" timestamp="2024-05-02T14:45:20 IST">
  <testcase classname="FirstMaven.MavenProject.SeleniumTest" name="Logout" time="0.014"/>
  <testcase classname="FirstMaven.MavenProject.SeleniumTest" name="login" time="6.589"/>
  <testcase classname="FirstMaven.MavenProject.SeleniumTest" name="test" time="5.362"/>
</testsuite> <!-- Default test -->
