<?xml version="1.0" encoding="UTF-8"?>
<testng-results ignored="0" total="3" passed="3" failed="0" skipped="0">
  <reporter-output>
  </reporter-output>
  <suite started-at="2024-05-02T14:45:08 IST" name="Default suite" finished-at="2024-05-02T14:45:20 IST" duration-ms="12053">
    <groups>
    </groups>
    <test started-at="2024-05-02T14:45:08 IST" name="Default test" finished-at="2024-05-02T14:45:20 IST" duration-ms="12053">
      <class name="FirstMaven.MavenProject.SeleniumTest">
        <test-method signature="Logout()[pri:0, instance:FirstMaven.MavenProject.SeleniumTest@7b36aa0c]" started-at="2024-05-02T14:45:08 IST" name="Logout" finished-at="2024-05-02T14:45:08 IST" duration-ms="14" status="PASS">
          <reporter-output>
          </reporter-output>
        </test-method> <!-- Logout -->
        <test-method signature="login()[pri:0, instance:FirstMaven.MavenProject.SeleniumTest@7b36aa0c]" started-at="2024-05-02T14:45:08 IST" name="login" finished-at="2024-05-02T14:45:14 IST" duration-ms="6589" status="PASS">
          <reporter-output>
          </reporter-output>
        </test-method> <!-- login -->
        <test-method signature="test()[pri:0, instance:FirstMaven.MavenProject.SeleniumTest@7b36aa0c]" started-at="2024-05-02T14:45:14 IST" name="test" finished-at="2024-05-02T14:45:20 IST" duration-ms="5362" status="PASS">
          <reporter-output>
          </reporter-output>
        </test-method> <!-- test -->
      </class> <!-- FirstMaven.MavenProject.SeleniumTest -->
    </test> <!-- Default test -->
  </suite> <!-- Default suite -->
</testng-results>
