<?xml version="1.0" encoding="UTF-8"?>
<testng-results ignored="0" total="2" passed="2" failed="0" skipped="0">
  <reporter-output>
  </reporter-output>
  <suite started-at="2024-04-30T19:17:11 IST" name="Default suite" finished-at="2024-04-30T19:17:12 IST" duration-ms="120">
    <groups>
    </groups>
    <test started-at="2024-04-30T19:17:11 IST" name="Default test" finished-at="2024-04-30T19:17:12 IST" duration-ms="120">
      <class name="FirstMaven.MavenProject.AppiumTest">
        <test-method signature="Logout()[pri:0, instance:FirstMaven.MavenProject.AppiumTest@51c668e3]" started-at="2024-04-30T19:17:11 IST" name="Logout" finished-at="2024-04-30T19:17:11 IST" duration-ms="15" status="PASS">
          <reporter-output>
          </reporter-output>
        </test-method> <!-- Logout -->
        <test-method signature="login()[pri:0, instance:FirstMaven.MavenProject.AppiumTest@51c668e3]" started-at="2024-04-30T19:17:12 IST" name="login" finished-at="2024-04-30T19:17:12 IST" duration-ms="3" status="PASS">
          <reporter-output>
          </reporter-output>
        </test-method> <!-- login -->
      </class> <!-- FirstMaven.MavenProject.AppiumTest -->
    </test> <!-- Default test -->
  </suite> <!-- Default suite -->
</testng-results>
